Build started 2/10/2015 8:43:24 PM.
     1>Project "C:\Users\Tanmay\Desktop\Semester2\Object Oriented Design\Project1\Tanmay_Fadnavis_PR1\Executive\Executive.vcxproj" on node 4 (Rebuild target(s)).
     1>ClCompile:
         C:\Program Files (x86)\Microsoft Visual Studio 12.0\VC\bin\CL.exe /c /ZI /nologo /W3 /WX- /sdl /Od /Oy- /D _MBCS /Gm /EHsc /RTC1 /MDd /GS /fp:precise /Zc:wchar_t /Zc:forScope /Fo"Debug\\" /Fd"Debug\vc120.pdb" /Gd /TP /analyze- /errorReport:prompt ..\Catalogue\Catalogue.cpp ..\DataStore\DataStore.cpp ..\Display\Display.cpp ..\FileManager\FileManager.cpp ..\FileManager\FileSystem.cpp Executive.cpp
         Executive.cpp
         FileSystem.cpp
         FileManager.cpp
         Display.cpp
         DataStore.cpp
         Catalogue.cpp
         Generating Code...
       Link:
         C:\Program Files (x86)\Microsoft Visual Studio 12.0\VC\bin\link.exe /ERRORREPORT:PROMPT /OUT:"C:\Users\Tanmay\Desktop\Semester2\Object Oriented Design\Project1\Tanmay_Fadnavis_PR1\Debug\Executive.exe" /INCREMENTAL /NOLOGO kernel32.lib user32.lib gdi32.lib winspool.lib comdlg32.lib advapi32.lib shell32.lib ole32.lib oleaut32.lib uuid.lib odbc32.lib odbccp32.lib /MANIFEST /MANIFESTUAC:"level='asInvoker' uiAccess='false'" /manifest:embed /DEBUG /PDB:"C:\Users\Tanmay\Desktop\Semester2\Object Oriented Design\Project1\Tanmay_Fadnavis_PR1\Debug\Executive.pdb" /TLBID:1 /DYNAMICBASE /NXCOMPAT /IMPLIB:"C:\Users\Tanmay\Desktop\Semester2\Object Oriented Design\Project1\Tanmay_Fadnavis_PR1\Debug\Executive.lib" /MACHINE:X86 Debug\Catalogue.obj
         Debug\DataStore.obj
         Debug\Display.obj
         Debug\FileManager.obj
         Debug\FileSystem.obj
         Debug\Executive.obj
         Executive.vcxproj -> C:\Users\Tanmay\Desktop\Semester2\Object Oriented Design\Project1\Tanmay_Fadnavis_PR1\Debug\Executive.exe
     1>Done Building Project "C:\Users\Tanmay\Desktop\Semester2\Object Oriented Design\Project1\Tanmay_Fadnavis_PR1\Executive\Executive.vcxproj" (Rebuild target(s)).

Build succeeded.

Time Elapsed 00:00:10.43
